Drill report for /home/debian/tmk_keyboard/keyboard/dulcimer/circuit/dulcimer.kicad_pcb
Created on Sun 29 Dec 2019 07:07:32 PM CET

Copper Layer Stackup:
    =============================================================
    L1 :  Inner_L1                  front
    L2 :  Copper                    back


Drill file 'dulcimer.drl' contains
    plated through holes:
    =============================================================
    T1  0.64mm  0.025"  (8 holes)
    T2  0.70mm  0.028"  (2 holes)
    T3  0.80mm  0.031"  (44 holes)
    T4  0.80mm  0.032"  (4 holes)
    T5  0.90mm  0.035"  (6 holes)
    T6  1.00mm  0.039"  (14 holes)
    T7  1.02mm  0.040"  (40 holes)
    T8  1.32mm  0.052"  (2 holes)
    T9  2.30mm  0.091"  (2 holes)
    T10  3.50mm  0.138"  (2 holes)

    Total plated holes count 124


Drill file 'dulcimer-NPTH.drl' contains
    unplated through holes:
    =============================================================

    Total unplated holes count 0
